This is pdfTeX, Version 3.14159265-2.6-1.40.16 (TeX Live 2015/Debian) (preloaded format=pdfetex 2018.10.12)  8 OCT 2019 22:14
entering extended mode
 restricted \write18 enabled.
 file:line:error style messages enabled.
 %&-line parsing enabled.
**\input ./vguitar.texi
(./vguitar.texi (/usr/share/texmf/tex/texinfo/texinfo.tex
Loading texinfo [version 2016-02-05.07.deb2]:
\outerhsize=\dimen16
\outervsize=\dimen17
\cornerlong=\dimen18
\cornerthick=\dimen19
\topandbottommargin=\dimen20
\bindingoffset=\dimen21
\normaloffset=\dimen22
\pagewidth=\dimen23
\pageheight=\dimen24
\headlinebox=\box16
\footlinebox=\box17
\margin=\insert252
\EMsimple=\toks13
\groupbox=\box18
\groupinvalidhelp=\toks14
\mil=\dimen25
\exdentamount=\skip18
\inmarginspacing=\skip19
\centerpenalty=\count27
 pdf,
\tempnum=\count28
\lnkcount=\count29
\filename=\toks15
\filenamelength=\count30
\pgn=\count31
\toksA=\toks16
\toksB=\toks17
\toksC=\toks18
\toksD=\toks19
\boxA=\box19
\boxB=\box20
\countA=\count32
\nopdfimagehelp=\toks20
 fonts,
\sffam=\fam8
\textleading=\dimen26
 markup,
\fontdepth=\count33
 glyphs,
\errorbox=\box21

page headings,
\titlepagetopglue=\skip20
\titlepagebottomglue=\skip21
\evenheadline=\toks21
\oddheadline=\toks22
\evenfootline=\toks23
\oddfootline=\toks24
 tables,
\tableindent=\dimen27
\itemindent=\dimen28
\itemmargin=\dimen29
\itemmax=\dimen30
\itemno=\count34
\multitableparskip=\skip22
\multitableparindent=\skip23
\multitablecolspace=\dimen31
\multitablelinespace=\skip24
\colcount=\count35
\everytab=\toks25
 conditionals,
\doignorecount=\count36
 indexing,
\dummybox=\box22
\whatsitskip=\skip25
\whatsitpenalty=\count37
\entryrightmargin=\dimen32
\thinshrinkable=\skip26
\entryindexbox=\box23
\entrylinedepth=\dimen33
\secondaryindent=\skip27
\partialpage=\box24
\doublecolumnhsize=\dimen34
\doublecolumntopgap=\dimen35
\savedtopmark=\toks26
\savedfirstmark=\toks27
\balancedcolumns=\box25
 sectioning,
\unnumberedno=\count38
\chapno=\count39
\secno=\count40
\subsecno=\count41
\subsubsecno=\count42
\appendixno=\count43
\absseclevel=\count44
\secbase=\count45
\chapheadingskip=\skip28
\secheadingskip=\skip29
\subsecheadingskip=\skip30
 toc,
\tocfile=\write0
\contentsrightmargin=\skip31
\savepageno=\count46
\lastnegativepageno=\count47
\tocindent=\dimen36
 environments,
\lispnarrowing=\skip32
\envskipamount=\skip33
\circthick=\dimen37
\cartouter=\dimen38
\cartinner=\dimen39
\normbskip=\skip34
\normpskip=\skip35
\normlskip=\skip36
\lskip=\skip37
\rskip=\skip38
\nonfillparindent=\dimen40
\tabw=\dimen41
\verbbox=\box26

defuns,
\defbodyindent=\skip39
\defargsindent=\skip40
\deflastargmargin=\skip41
\defunpenalty=\count48
\parencount=\count49
\brackcount=\count50
 macros,
\paramno=\count51
\macname=\toks28
 cross references,
\auxfile=\write1
\savesfregister=\count52
\toprefbox=\box27
\printedrefnamebox=\box28
\infofilenamebox=\box29
\printedmanualbox=\box30
 insertions,
\footnoteno=\count53
\SAVEfootins=\box31
\SAVEmargin=\box32

(/usr/share/texlive/texmf-dist/tex/generic/epsf/epsf.tex
This is `epsf.tex' v2.7.4 <14 February 2011>
\epsffilein=\read1
\epsfframemargin=\dimen42
\epsfframethickness=\dimen43
\epsfrsize=\dimen44
\epsftmp=\dimen45
\epsftsize=\dimen46
\epsfxsize=\dimen47
\epsfysize=\dimen48
\pspoints=\dimen49
)
\noepsfhelp=\toks29
 localization,
\nolanghelp=\toks30
\countUTFx=\count54
\countUTFy=\count55
\countUTFz=\count56
 formatting,
\defaultparindent=\dimen50
 and turning on texinfo input format.)
texinfo.tex: doing @include of version.texi


(/home/nicks/Desktop/guitar/midi/vguitar/doc/version.texi) [1{/var/lib/texmf/fo
nts/map/pdftex/updmap/pdftex.map}] [2]
(/home/nicks/Desktop/guitar/midi/vguitar/doc/vguitar.toc) [-1]
(/home/nicks/Desktop/guitar/midi/vguitar/doc/vguitar.toc)
(/home/nicks/Desktop/guitar/midi/vguitar/doc/vguitar.toc) Chapter 1
\openout0 = `vguitar.toc'.


(/home/nicks/Desktop/guitar/midi/vguitar/doc/vguitar.aux)
\openout1 = `vguitar.aux'.

@cpindfile=@write2
\openout2 = `vguitar.cp'.

 Chapter 2 [1]
Chapter 3 [2] Chapter 4 [3] Chapter 5 [4] Chapter 6 [5] Appendix A [6]
texinfo.tex: doing @include of fdl.texi


(/home/nicks/Desktop/guitar/midi/vguitar/doc/fdl.texi [7] [8] [9] [10] [11]
[12] [13]) (Concept index) [14] [15] ) 
Here is how much of TeX's memory you used:
 3272 strings out of 497107
 33848 string characters out of 6206798
 73803 words of memory out of 5000000
 4351 multiletter control sequences out of 15000+600000
 32778 words of font info for 114 fonts, out of 8000000 for 9000
 51 hyphenation exceptions out of 8191
 16i,6n,16p,289b,756s stack positions out of 5000i,500n,10000p,200000b,80000s
</usr/share/texlive/texmf-dist/fonts/type
1/public/amsfonts/cm/cmbx12.pfb></usr/share/texlive/texmf-dist/fonts/type1/publ
ic/amsfonts/cm/cmmi12.pfb></usr/share/texlive/texmf-dist/fonts/type1/public/ams
fonts/cm/cmmi9.pfb></usr/share/texlive/texmf-dist/fonts/type1/public/amsfonts/c
m/cmr10.pfb></usr/share/texlive/texmf-dist/fonts/type1/public/amsfonts/cm/cmr9.
pfb></usr/share/texlive/texmf-dist/fonts/type1/public/amsfonts/cm/cmsl10.pfb></
usr/share/texlive/texmf-dist/fonts/type1/public/amsfonts/cm/cmsltt10.pfb></usr/
share/texlive/texmf-dist/fonts/type1/public/amsfonts/cm/cmsy10.pfb></usr/share/
texlive/texmf-dist/fonts/type1/public/amsfonts/cm/cmtt10.pfb></usr/share/texliv
e/texmf-dist/fonts/type1/public/amsfonts/cm/cmtt12.pfb></usr/share/texlive/texm
f-dist/fonts/type1/public/amsfonts/cm/cmtt9.pfb>
Output written on vguitar.pdf (18 pages, 168374 bytes).
PDF statistics:
 195 PDF objects out of 1000 (max. 8388607)
 159 compressed objects within 2 object streams
 24 named destinations out of 1000 (max. 500000)
 77 words of extra memory for PDF output out of 10000 (max. 10000000)

